# JRE version: Java(TM) SE Runtime Environment (8.0_281-b09) (build 1.8.0_281-b09)
# Java VM: Java HotSpot(TM) 64-Bit Server VM (25.281-b09 mixed mode windows-amd64 compressed oops)
Heap:
 PSYoungGen      total 128000K, used 93877K [0x00000006eab00000, 0x00000006f3080000, 0x00000007c0000000)
  eden space 119296K, 74% used [0x00000006eab00000,0x00000006f01de598,0x00000006f1f80000)
  from space 8704K, 56% used [0x00000006f1f80000,0x00000006f244eff0,0x00000006f2800000)
  to   space 8192K, 0% used [0x00000006f2880000,0x00000006f2880000,0x00000006f3080000)
 ParOldGen       total 120320K, used 10138K [0x0000000540000000, 0x0000000547580000, 0x00000006eab00000)
  object space 120320K, 8% used [0x0000000540000000,0x00000005409e6b98,0x0000000547580000)
 Metaspace       used 28512K, capacity 28780K, committed 29104K, reserved 1073152K
  class space    used 4599K, capacity 4714K, committed 4784K, reserved 1048576K
GC Heap History (10 events):
Event: 7.575 GC heap before
{Heap before GC invocations=20 (full 1):
 PSYoungGen      total 107520K, used 100241K [0x00000006eab00000, 0x00000006f1e00000, 0x00000007c0000000)
  eden space 97280K, 100% used [0x00000006eab00000,0x00000006f0a00000,0x00000006f0a00000)
  from space 10240K, 28% used [0x00000006f1400000,0x00000006f16e47b8,0x00000006f1e00000)
  to   space 10240K, 0% used [0x00000006f0a00000,0x00000006f0a00000,0x00000006f1400000)
 ParOldGen       total 120320K, used 10130K [0x0000000540000000, 0x0000000547580000, 0x00000006eab00000)
  object space 120320K, 8% used [0x0000000540000000,0x00000005409e4b98,0x0000000547580000)
 Metaspace       used 24993K, capacity 25260K, committed 25648K, reserved 1071104K
  class space    used 3976K, capacity 4074K, committed 4144K, reserved 1048576K
Event: 7.577 GC heap after
Heap after GC invocations=20 (full 1):
 PSYoungGen      total 107520K, used 3318K [0x00000006eab00000, 0x00000006f2800000, 0x00000007c0000000)
  eden space 97280K, 0% used [0x00000006eab00000,0x00000006eab00000,0x00000006f0a00000)
  from space 10240K, 32% used [0x00000006f0a00000,0x00000006f0d3d950,0x00000006f1400000)
  to   space 9728K, 0% used [0x00000006f1e80000,0x00000006f1e80000,0x00000006f2800000)
 ParOldGen       total 120320K, used 10130K [0x0000000540000000, 0x0000000547580000, 0x00000006eab00000)
  object space 120320K, 8% used [0x0000000540000000,0x00000005409e4b98,0x0000000547580000)
 Metaspace       used 24993K, capacity 25260K, committed 25648K, reserved 1071104K
  class space    used 3976K, capacity 4074K, committed 4144K, reserved 1048576K
}
Event: 7.988 GC heap before
{Heap before GC invocations=21 (full 1):
 PSYoungGen      total 107520K, used 100598K [0x00000006eab00000, 0x00000006f2800000, 0x00000007c0000000)
  eden space 97280K, 100% used [0x00000006eab00000,0x00000006f0a00000,0x00000006f0a00000)
  from space 10240K, 32% used [0x00000006f0a00000,0x00000006f0d3d950,0x00000006f1400000)
  to   space 9728K, 0% used [0x00000006f1e80000,0x00000006f1e80000,0x00000006f2800000)
 ParOldGen       total 120320K, used 10130K [0x0000000540000000, 0x0000000547580000, 0x00000006eab00000)
  object space 120320K, 8% used [0x0000000540000000,0x00000005409e4b98,0x0000000547580000)
 Metaspace       used 25422K, capacity 25644K, committed 25904K, reserved 1071104K
  class space    used 4061K, capacity 4138K, committed 4144K, reserved 1048576K
Event: 7.991 GC heap after
Heap after GC invocations=21 (full 1):
 PSYoungGen      total 117248K, used 3559K [0x00000006eab00000, 0x00000006f2700000, 0x00000007c0000000)
  eden space 108544K, 0% used [0x00000006eab00000,0x00000006eab00000,0x00000006f1500000)
  from space 8704K, 40% used [0x00000006f1e80000,0x00000006f21f9ee0,0x00000006f2700000)
  to   space 9216K, 0% used [0x00000006f1500000,0x00000006f1500000,0x00000006f1e00000)
 ParOldGen       total 120320K, used 10130K [0x0000000540000000, 0x0000000547580000, 0x00000006eab00000)
  object space 120320K, 8% used [0x0000000540000000,0x00000005409e4b98,0x0000000547580000)
 Metaspace       used 25422K, capacity 25644K, committed 25904K, reserved 1071104K
  class space    used 4061K, capacity 4138K, committed 4144K, reserved 1048576K
}
Event: 8.653 GC heap before
{Heap before GC invocations=22 (full 1):
 PSYoungGen      total 117248K, used 112103K [0x00000006eab00000, 0x00000006f2700000, 0x00000007c0000000)
  eden space 108544K, 100% used [0x00000006eab00000,0x00000006f1500000,0x00000006f1500000)
  from space 8704K, 40% used [0x00000006f1e80000,0x00000006f21f9ee0,0x00000006f2700000)
  to   space 9216K, 0% used [0x00000006f1500000,0x00000006f1500000,0x00000006f1e00000)
 ParOldGen       total 120320K, used 10130K [0x0000000540000000, 0x0000000547580000, 0x00000006eab00000)
  object space 120320K, 8% used [0x0000000540000000,0x00000005409e4b98,0x0000000547580000)
 Metaspace       used 25919K, capacity 26156K, committed 26544K, reserved 1071104K
  class space    used 4118K, capacity 4202K, committed 4272K, reserved 1048576K
Event: 8.655 GC heap after
Heap after GC invocations=22 (full 1):
 PSYoungGen      total 117760K, used 4141K [0x00000006eab00000, 0x00000006f3100000, 0x00000007c0000000)
  eden space 108544K, 0% used [0x00000006eab00000,0x00000006eab00000,0x00000006f1500000)
  from space 9216K, 44% used [0x00000006f1500000,0x00000006f190b6e8,0x00000006f1e00000)
  to   space 8704K, 0% used [0x00000006f2880000,0x00000006f2880000,0x00000006f3100000)
 ParOldGen       total 120320K, used 10138K [0x0000000540000000, 0x0000000547580000, 0x00000006eab00000)
  object space 120320K, 8% used [0x0000000540000000,0x00000005409e6b98,0x0000000547580000)
 Metaspace       used 25919K, capacity 26156K, committed 26544K, reserved 1071104K
  class space    used 4118K, capacity 4202K, committed 4272K, reserved 1048576K
}
Event: 9.382 GC heap before
{Heap before GC invocations=23 (full 1):
 PSYoungGen      total 117760K, used 112685K [0x00000006eab00000, 0x00000006f3100000, 0x00000007c0000000)
  eden space 108544K, 100% used [0x00000006eab00000,0x00000006f1500000,0x00000006f1500000)
  from space 9216K, 44% used [0x00000006f1500000,0x00000006f190b6e8,0x00000006f1e00000)
  to   space 8704K, 0% used [0x00000006f2880000,0x00000006f2880000,0x00000006f3100000)
 ParOldGen       total 120320K, used 10138K [0x0000000540000000, 0x0000000547580000, 0x00000006eab00000)
  object space 120320K, 8% used [0x0000000540000000,0x00000005409e6b98,0x0000000547580000)
 Metaspace       used 26334K, capacity 26636K, committed 26928K, reserved 1071104K
  class space    used 4216K, capacity 4298K, committed 4400K, reserved 1048576K
Event: 9.385 GC heap after
Heap after GC invocations=23 (full 1):
 PSYoungGen      total 127488K, used 4287K [0x00000006eab00000, 0x00000006f3080000, 0x00000007c0000000)
  eden space 119296K, 0% used [0x00000006eab00000,0x00000006eab00000,0x00000006f1f80000)
  from space 8192K, 52% used [0x00000006f2880000,0x00000006f2caffa8,0x00000006f3080000)
  to   space 8704K, 0% used [0x00000006f1f80000,0x00000006f1f80000,0x00000006f2800000)
 ParOldGen       total 120320K, used 10138K [0x0000000540000000, 0x0000000547580000, 0x00000006eab00000)
  object space 120320K, 8% used [0x0000000540000000,0x00000005409e6b98,0x0000000547580000)
 Metaspace       used 26334K, capacity 26636K, committed 26928K, reserved 1071104K
  class space    used 4216K, capacity 4298K, committed 4400K, reserved 1048576K
}
Event: 10.216 GC heap before
{Heap before GC invocations=24 (full 1):
 PSYoungGen      total 127488K, used 123583K [0x00000006eab00000, 0x00000006f3080000, 0x00000007c0000000)
  eden space 119296K, 100% used [0x00000006eab00000,0x00000006f1f80000,0x00000006f1f80000)
  from space 8192K, 52% used [0x00000006f2880000,0x00000006f2caffa8,0x00000006f3080000)
  to   space 8704K, 0% used [0x00000006f1f80000,0x00000006f1f80000,0x00000006f2800000)
 ParOldGen       total 120320K, used 10138K [0x0000000540000000, 0x0000000547580000, 0x00000006eab00000)
  object space 120320K, 8% used [0x0000000540000000,0x00000005409e6b98,0x0000000547580000)
 Metaspace       used 26849K, capacity 27148K, committed 27568K, reserved 1073152K
  class space    used 4329K, capacity 4426K, committed 4528K, reserved 1048576K
Event: 10.218 GC heap after
Heap after GC invocations=24 (full 1):
 PSYoungGen      total 128000K, used 4923K [0x00000006eab00000, 0x00000006f3080000, 0x00000007c0000000)
  eden space 119296K, 0% used [0x00000006eab00000,0x00000006eab00000,0x00000006f1f80000)
  from space 8704K, 56% used [0x00000006f1f80000,0x00000006f244eff0,0x00000006f2800000)
  to   space 8192K, 0% used [0x00000006f2880000,0x00000006f2880000,0x00000006f3080000)
 ParOldGen       total 120320K, used 10138K [0x0000000540000000, 0x0000000547580000, 0x00000006eab00000)
  object space 120320K, 8% used [0x0000000540000000,0x00000005409e6b98,0x0000000547580000)
 Metaspace       used 26849K, capacity 27148K, committed 27568K, reserved 1073152K
  class space    used 4329K, capacity 4426K, committed 4528K, reserved 1048576K
}

