# JRE version: Java(TM) SE Runtime Environment (8.0_281-b09) (build 1.8.0_281-b09)
# Java VM: Java HotSpot(TM) 64-Bit Server VM (25.281-b09 mixed mode windows-amd64 compressed oops)
Heap:
 PSYoungGen      total 272896K, used 138905K [0x00000006eab00000, 0x0000000700580000, 0x00000007c0000000)
  eden space 259584K, 51% used [0x00000006eab00000,0x00000006f2e19298,0x00000006fa880000)
  from space 13312K, 35% used [0x00000006fa880000,0x00000006fad0d220,0x00000006fb580000)
  to   space 12800K, 0% used [0x00000006ff900000,0x00000006ff900000,0x0000000700580000)
 ParOldGen       total 108544K, used 12059K [0x0000000540000000, 0x0000000546a00000, 0x00000006eab00000)
  object space 108544K, 11% used [0x0000000540000000,0x0000000540bc6ea8,0x0000000546a00000)
 Metaspace       used 25433K, capacity 25708K, committed 26032K, reserved 1071104K
  class space    used 4071K, capacity 4202K, committed 4272K, reserved 1048576K
GC Heap History (10 events):
Event: 3.008 GC heap before
{Heap before GC invocations=6 (full 0):
 PSYoungGen      total 140800K, used 140787K [0x00000006eab00000, 0x00000006fc200000, 0x00000007c0000000)
  eden space 130048K, 100% used [0x00000006eab00000,0x00000006f2a00000,0x00000006f2a00000)
  from space 10752K, 99% used [0x00000006f2a00000,0x00000006f347ce10,0x00000006f3480000)
  to   space 12800K, 0% used [0x00000006fb580000,0x00000006fb580000,0x00000006fc200000)
 ParOldGen       total 173568K, used 595K [0x0000000540000000, 0x000000054a980000, 0x00000006eab00000)
  object space 173568K, 0% used [0x0000000540000000,0x0000000540094ff0,0x000000054a980000)
 Metaspace       used 18959K, capacity 19238K, committed 19456K, reserved 1064960K
  class space    used 2896K, capacity 2985K, committed 3072K, reserved 1048576K
Event: 3.020 GC heap after
Heap after GC invocations=6 (full 0):
 PSYoungGen      total 272384K, used 10160K [0x00000006eab00000, 0x00000006fc300000, 0x00000007c0000000)
  eden space 259584K, 0% used [0x00000006eab00000,0x00000006eab00000,0x00000006fa880000)
  from space 12800K, 79% used [0x00000006fb580000,0x00000006fbf6c310,0x00000006fc200000)
  to   space 13312K, 0% used [0x00000006fa880000,0x00000006fa880000,0x00000006fb580000)
 ParOldGen       total 173568K, used 603K [0x0000000540000000, 0x000000054a980000, 0x00000006eab00000)
  object space 173568K, 0% used [0x0000000540000000,0x0000000540096ff0,0x000000054a980000)
 Metaspace       used 18959K, capacity 19238K, committed 19456K, reserved 1064960K
  class space    used 2896K, capacity 2985K, committed 3072K, reserved 1048576K
}
Event: 3.941 GC heap before
{Heap before GC invocations=7 (full 0):
 PSYoungGen      total 272384K, used 261621K [0x00000006eab00000, 0x00000006fc300000, 0x00000007c0000000)
  eden space 259584K, 96% used [0x00000006eab00000,0x00000006fa0912c8,0x00000006fa880000)
  from space 12800K, 79% used [0x00000006fb580000,0x00000006fbf6c310,0x00000006fc200000)
  to   space 13312K, 0% used [0x00000006fa880000,0x00000006fa880000,0x00000006fb580000)
 ParOldGen       total 173568K, used 603K [0x0000000540000000, 0x000000054a980000, 0x00000006eab00000)
  object space 173568K, 0% used [0x0000000540000000,0x0000000540096ff0,0x000000054a980000)
 Metaspace       used 20930K, capacity 21126K, committed 21296K, reserved 1067008K
  class space    used 3255K, capacity 3337K, committed 3376K, reserved 1048576K
Event: 3.951 GC heap after
Heap after GC invocations=7 (full 0):
 PSYoungGen      total 272896K, used 7738K [0x00000006eab00000, 0x00000006fc300000, 0x00000007c0000000)
  eden space 259584K, 0% used [0x00000006eab00000,0x00000006eab00000,0x00000006fa880000)
  from space 13312K, 58% used [0x00000006fa880000,0x00000006fb00ea98,0x00000006fb580000)
  to   space 12800K, 0% used [0x00000006fb580000,0x00000006fb580000,0x00000006fc200000)
 ParOldGen       total 173568K, used 5401K [0x0000000540000000, 0x000000054a980000, 0x00000006eab00000)
  object space 173568K, 3% used [0x0000000540000000,0x00000005405466b8,0x000000054a980000)
 Metaspace       used 20930K, capacity 21126K, committed 21296K, reserved 1067008K
  class space    used 3255K, capacity 3337K, committed 3376K, reserved 1048576K
}
Event: 3.951 GC heap before
{Heap before GC invocations=8 (full 1):
 PSYoungGen      total 272896K, used 7738K [0x00000006eab00000, 0x00000006fc300000, 0x00000007c0000000)
  eden space 259584K, 0% used [0x00000006eab00000,0x00000006eab00000,0x00000006fa880000)
  from space 13312K, 58% used [0x00000006fa880000,0x00000006fb00ea98,0x00000006fb580000)
  to   space 12800K, 0% used [0x00000006fb580000,0x00000006fb580000,0x00000006fc200000)
 ParOldGen       total 173568K, used 5401K [0x0000000540000000, 0x000000054a980000, 0x00000006eab00000)
  object space 173568K, 3% used [0x0000000540000000,0x00000005405466b8,0x000000054a980000)
 Metaspace       used 20930K, capacity 21126K, committed 21296K, reserved 1067008K
  class space    used 3255K, capacity 3337K, committed 3376K, reserved 1048576K
Event: 4.009 GC heap after
Heap after GC invocations=8 (full 1):
 PSYoungGen      total 272896K, used 0K [0x00000006eab00000, 0x00000006fc300000, 0x00000007c0000000)
  eden space 259584K, 0% used [0x00000006eab00000,0x00000006eab00000,0x00000006fa880000)
  from space 13312K, 0% used [0x00000006fa880000,0x00000006fa880000,0x00000006fb580000)
  to   space 12800K, 0% used [0x00000006fb580000,0x00000006fb580000,0x00000006fc200000)
 ParOldGen       total 108544K, used 12051K [0x0000000540000000, 0x0000000546a00000, 0x00000006eab00000)
  object space 108544K, 11% used [0x0000000540000000,0x0000000540bc4ea8,0x0000000546a00000)
 Metaspace       used 20930K, capacity 21126K, committed 21296K, reserved 1067008K
  class space    used 3255K, capacity 3337K, committed 3376K, reserved 1048576K
}
Event: 4.764 GC heap before
{Heap before GC invocations=9 (full 1):
 PSYoungGen      total 272896K, used 259584K [0x00000006eab00000, 0x00000006fc300000, 0x00000007c0000000)
  eden space 259584K, 100% used [0x00000006eab00000,0x00000006fa880000,0x00000006fa880000)
  from space 13312K, 0% used [0x00000006fa880000,0x00000006fa880000,0x00000006fb580000)
  to   space 12800K, 0% used [0x00000006fb580000,0x00000006fb580000,0x00000006fc200000)
 ParOldGen       total 108544K, used 12051K [0x0000000540000000, 0x0000000546a00000, 0x00000006eab00000)
  object space 108544K, 11% used [0x0000000540000000,0x0000000540bc4ea8,0x0000000546a00000)
 Metaspace       used 22948K, capacity 23180K, committed 23472K, reserved 1069056K
  class space    used 3629K, capacity 3722K, committed 3760K, reserved 1048576K
Event: 4.766 GC heap after
Heap after GC invocations=9 (full 1):
 PSYoungGen      total 272384K, used 4082K [0x00000006eab00000, 0x00000006fc300000, 0x00000007c0000000)
  eden space 259584K, 0% used [0x00000006eab00000,0x00000006eab00000,0x00000006fa880000)
  from space 12800K, 31% used [0x00000006fb580000,0x00000006fb97cb08,0x00000006fc200000)
  to   space 13312K, 0% used [0x00000006fa880000,0x00000006fa880000,0x00000006fb580000)
 ParOldGen       total 108544K, used 12059K [0x0000000540000000, 0x0000000546a00000, 0x00000006eab00000)
  object space 108544K, 11% used [0x0000000540000000,0x0000000540bc6ea8,0x0000000546a00000)
 Metaspace       used 22948K, capacity 23180K, committed 23472K, reserved 1069056K
  class space    used 3629K, capacity 3722K, committed 3760K, reserved 1048576K
}
Event: 5.442 GC heap before
{Heap before GC invocations=10 (full 1):
 PSYoungGen      total 272384K, used 263666K [0x00000006eab00000, 0x00000006fc300000, 0x00000007c0000000)
  eden space 259584K, 100% used [0x00000006eab00000,0x00000006fa880000,0x00000006fa880000)
  from space 12800K, 31% used [0x00000006fb580000,0x00000006fb97cb08,0x00000006fc200000)
  to   space 13312K, 0% used [0x00000006fa880000,0x00000006fa880000,0x00000006fb580000)
 ParOldGen       total 108544K, used 12059K [0x0000000540000000, 0x0000000546a00000, 0x00000006eab00000)
  object space 108544K, 11% used [0x0000000540000000,0x0000000540bc6ea8,0x0000000546a00000)
 Metaspace       used 24850K, capacity 25164K, committed 25392K, reserved 1071104K
  class space    used 3941K, capacity 4042K, committed 4144K, reserved 1048576K
Event: 5.444 GC heap after
Heap after GC invocations=10 (full 1):
 PSYoungGen      total 272896K, used 4660K [0x00000006eab00000, 0x0000000700580000, 0x00000007c0000000)
  eden space 259584K, 0% used [0x00000006eab00000,0x00000006eab00000,0x00000006fa880000)
  from space 13312K, 35% used [0x00000006fa880000,0x00000006fad0d220,0x00000006fb580000)
  to   space 12800K, 0% used [0x00000006ff900000,0x00000006ff900000,0x0000000700580000)
 ParOldGen       total 108544K, used 12059K [0x0000000540000000, 0x0000000546a00000, 0x00000006eab00000)
  object space 108544K, 11% used [0x0000000540000000,0x0000000540bc6ea8,0x0000000546a00000)
 Metaspace       used 24850K, capacity 25164K, committed 25392K, reserved 1071104K
  class space    used 3941K, capacity 4042K, committed 4144K, reserved 1048576K
}

