# JRE version: Java(TM) SE Runtime Environment (8.0_281-b09) (build 1.8.0_281-b09)
# Java VM: Java HotSpot(TM) 64-Bit Server VM (25.281-b09 mixed mode windows-amd64 compressed oops)
Heap:
 PSYoungGen      total 140800K, used 78866K [0x00000006eab00000, 0x00000006fc100000, 0x00000007c0000000)
  eden space 130048K, 56% used [0x00000006eab00000,0x00000006ef22e558,0x00000006f2a00000)
  from space 10752K, 55% used [0x00000006f2a00000,0x00000006f2fd64d0,0x00000006f3480000)
  to   space 12288K, 0% used [0x00000006fb500000,0x00000006fb500000,0x00000006fc100000)
 ParOldGen       total 173568K, used 5296K [0x0000000540000000, 0x000000054a980000, 0x00000006eab00000)
  object space 173568K, 3% used [0x0000000540000000,0x000000054052c230,0x000000054a980000)
 Metaspace       used 20509K, capacity 20742K, committed 20992K, reserved 1067008K
  class space    used 3171K, capacity 3273K, committed 3328K, reserved 1048576K
GC Heap History (10 events):
Event: 2.445 GC heap before
{Heap before GC invocations=3 (full 0):
 PSYoungGen      total 75776K, used 71756K [0x00000006eab00000, 0x00000006eff80000, 0x00000007c0000000)
  eden space 65024K, 100% used [0x00000006eab00000,0x00000006eea80000,0x00000006eea80000)
  from space 10752K, 62% used [0x00000006ef500000,0x00000006efb932e0,0x00000006eff80000)
  to   space 10752K, 0% used [0x00000006eea80000,0x00000006eea80000,0x00000006ef500000)
 ParOldGen       total 173568K, used 88K [0x0000000540000000, 0x000000054a980000, 0x00000006eab00000)
  object space 173568K, 0% used [0x0000000540000000,0x0000000540016010,0x000000054a980000)
 Metaspace       used 13913K, capacity 14132K, committed 14464K, reserved 1060864K
  class space    used 1987K, capacity 2053K, committed 2176K, reserved 1048576K
Event: 2.451 GC heap after
Heap after GC invocations=3 (full 0):
 PSYoungGen      total 75776K, used 8066K [0x00000006eab00000, 0x00000006f3f00000, 0x00000007c0000000)
  eden space 65024K, 0% used [0x00000006eab00000,0x00000006eab00000,0x00000006eea80000)
  from space 10752K, 75% used [0x00000006eea80000,0x00000006ef260890,0x00000006ef500000)
  to   space 10752K, 0% used [0x00000006f3480000,0x00000006f3480000,0x00000006f3f00000)
 ParOldGen       total 173568K, used 96K [0x0000000540000000, 0x000000054a980000, 0x00000006eab00000)
  object space 173568K, 0% used [0x0000000540000000,0x0000000540018010,0x000000054a980000)
 Metaspace       used 13913K, capacity 14132K, committed 14464K, reserved 1060864K
  class space    used 1987K, capacity 2053K, committed 2176K, reserved 1048576K
}
Event: 2.721 GC heap before
{Heap before GC invocations=4 (full 0):
 PSYoungGen      total 75776K, used 73090K [0x00000006eab00000, 0x00000006f3f00000, 0x00000007c0000000)
  eden space 65024K, 100% used [0x00000006eab00000,0x00000006eea80000,0x00000006eea80000)
  from space 10752K, 75% used [0x00000006eea80000,0x00000006ef260890,0x00000006ef500000)
  to   space 10752K, 0% used [0x00000006f3480000,0x00000006f3480000,0x00000006f3f00000)
 ParOldGen       total 173568K, used 96K [0x0000000540000000, 0x000000054a980000, 0x00000006eab00000)
  object space 173568K, 0% used [0x0000000540000000,0x0000000540018010,0x000000054a980000)
 Metaspace       used 15191K, capacity 15450K, committed 15744K, reserved 1062912K
  class space    used 2242K, capacity 2343K, committed 2432K, reserved 1048576K
Event: 2.726 GC heap after
Heap after GC invocations=4 (full 0):
 PSYoungGen      total 140800K, used 8023K [0x00000006eab00000, 0x00000006f3f00000, 0x00000007c0000000)
  eden space 130048K, 0% used [0x00000006eab00000,0x00000006eab00000,0x00000006f2a00000)
  from space 10752K, 74% used [0x00000006f3480000,0x00000006f3c55fa8,0x00000006f3f00000)
  to   space 10752K, 0% used [0x00000006f2a00000,0x00000006f2a00000,0x00000006f3480000)
 ParOldGen       total 173568K, used 104K [0x0000000540000000, 0x000000054a980000, 0x00000006eab00000)
  object space 173568K, 0% used [0x0000000540000000,0x000000054001a010,0x000000054a980000)
 Metaspace       used 15191K, capacity 15450K, committed 15744K, reserved 1062912K
  class space    used 2242K, capacity 2343K, committed 2432K, reserved 1048576K
}
Event: 3.080 GC heap before
{Heap before GC invocations=5 (full 0):
 PSYoungGen      total 140800K, used 138071K [0x00000006eab00000, 0x00000006f3f00000, 0x00000007c0000000)
  eden space 130048K, 100% used [0x00000006eab00000,0x00000006f2a00000,0x00000006f2a00000)
  from space 10752K, 74% used [0x00000006f3480000,0x00000006f3c55fa8,0x00000006f3f00000)
  to   space 10752K, 0% used [0x00000006f2a00000,0x00000006f2a00000,0x00000006f3480000)
 ParOldGen       total 173568K, used 104K [0x0000000540000000, 0x000000054a980000, 0x00000006eab00000)
  object space 173568K, 0% used [0x0000000540000000,0x000000054001a010,0x000000054a980000)
 Metaspace       used 17707K, capacity 17984K, committed 18176K, reserved 1064960K
  class space    used 2670K, capacity 2760K, committed 2816K, reserved 1048576K
Event: 3.091 GC heap after
Heap after GC invocations=5 (full 0):
 PSYoungGen      total 140800K, used 10735K [0x00000006eab00000, 0x00000006fc100000, 0x00000007c0000000)
  eden space 130048K, 0% used [0x00000006eab00000,0x00000006eab00000,0x00000006f2a00000)
  from space 10752K, 99% used [0x00000006f2a00000,0x00000006f347bd58,0x00000006f3480000)
  to   space 12288K, 0% used [0x00000006fb500000,0x00000006fb500000,0x00000006fc100000)
 ParOldGen       total 173568K, used 498K [0x0000000540000000, 0x000000054a980000, 0x00000006eab00000)
  object space 173568K, 0% used [0x0000000540000000,0x000000054007cb68,0x000000054a980000)
 Metaspace       used 17707K, capacity 17984K, committed 18176K, reserved 1064960K
  class space    used 2670K, capacity 2760K, committed 2816K, reserved 1048576K
}
Event: 3.501 GC heap before
{Heap before GC invocations=6 (full 0):
 PSYoungGen      total 140800K, used 140783K [0x00000006eab00000, 0x00000006fc100000, 0x00000007c0000000)
  eden space 130048K, 100% used [0x00000006eab00000,0x00000006f2a00000,0x00000006f2a00000)
  from space 10752K, 99% used [0x00000006f2a00000,0x00000006f347bd58,0x00000006f3480000)
  to   space 12288K, 0% used [0x00000006fb500000,0x00000006fb500000,0x00000006fc100000)
 ParOldGen       total 173568K, used 498K [0x0000000540000000, 0x000000054a980000, 0x00000006eab00000)
  object space 173568K, 0% used [0x0000000540000000,0x000000054007cb68,0x000000054a980000)
 Metaspace       used 18974K, capacity 19238K, committed 19712K, reserved 1067008K
  class space    used 2894K, capacity 2985K, committed 3072K, reserved 1048576K
Event: 3.512 GC heap after
Heap after GC invocations=6 (full 0):
 PSYoungGen      total 142336K, used 10286K [0x00000006eab00000, 0x00000006fc100000, 0x00000007c0000000)
  eden space 130048K, 0% used [0x00000006eab00000,0x00000006eab00000,0x00000006f2a00000)
  from space 12288K, 83% used [0x00000006fb500000,0x00000006fbf0b960,0x00000006fc100000)
  to   space 10752K, 0% used [0x00000006f2a00000,0x00000006f2a00000,0x00000006f3480000)
 ParOldGen       total 173568K, used 506K [0x0000000540000000, 0x000000054a980000, 0x00000006eab00000)
  object space 173568K, 0% used [0x0000000540000000,0x000000054007eb68,0x000000054a980000)
 Metaspace       used 18974K, capacity 19238K, committed 19712K, reserved 1067008K
  class space    used 2894K, capacity 2985K, committed 3072K, reserved 1048576K
}
Event: 3.825 GC heap before
{Heap before GC invocations=7 (full 0):
 PSYoungGen      total 142336K, used 140334K [0x00000006eab00000, 0x00000006fc100000, 0x00000007c0000000)
  eden space 130048K, 100% used [0x00000006eab00000,0x00000006f2a00000,0x00000006f2a00000)
  from space 12288K, 83% used [0x00000006fb500000,0x00000006fbf0b960,0x00000006fc100000)
  to   space 10752K, 0% used [0x00000006f2a00000,0x00000006f2a00000,0x00000006f3480000)
 ParOldGen       total 173568K, used 506K [0x0000000540000000, 0x000000054a980000, 0x00000006eab00000)
  object space 173568K, 0% used [0x0000000540000000,0x000000054007eb68,0x000000054a980000)
 Metaspace       used 19967K, capacity 20198K, committed 20608K, reserved 1067008K
  class space    used 3085K, capacity 3177K, committed 3200K, reserved 1048576K
Event: 3.832 GC heap after
Heap after GC invocations=7 (full 0):
 PSYoungGen      total 140800K, used 5977K [0x00000006eab00000, 0x00000006fc100000, 0x00000007c0000000)
  eden space 130048K, 0% used [0x00000006eab00000,0x00000006eab00000,0x00000006f2a00000)
  from space 10752K, 55% used [0x00000006f2a00000,0x00000006f2fd64d0,0x00000006f3480000)
  to   space 12288K, 0% used [0x00000006fb500000,0x00000006fb500000,0x00000006fc100000)
 ParOldGen       total 173568K, used 5296K [0x0000000540000000, 0x000000054a980000, 0x00000006eab00000)
  object space 173568K, 3% used [0x0000000540000000,0x000000054052c230,0x000000054a980000)
 Metaspace       used 19967K, capacity 20198K, committed 20608K, reserved 1067008K
  class space    used 3085K, capacity 3177K, committed 3200K, reserved 1048576K
}

