# JRE version: Java(TM) SE Runtime Environment (8.0_281-b09) (build 1.8.0_281-b09)
# Java VM: Java HotSpot(TM) 64-Bit Server VM (25.281-b09 mixed mode windows-amd64 compressed oops)
Heap:
 PSYoungGen      total 306688K, used 264192K [0x00000000eab00000, 0x0000000100000000, 0x0000000100000000)
  eden space 264192K, 100% used [0x00000000eab00000,0x00000000fad00000,0x00000000fad00000)
  from space 42496K, 0% used [0x00000000fad00000,0x00000000fad00000,0x00000000fd680000)
  to   space 42496K, 0% used [0x00000000fd680000,0x00000000fd680000,0x0000000100000000)
 ParOldGen       total 699392K, used 699157K [0x00000000c0000000, 0x00000000eab00000, 0x00000000eab00000)
  object space 699392K, 99% used [0x00000000c0000000,0x00000000eaac5588,0x00000000eab00000)
 Metaspace       used 58396K, capacity 58805K, committed 59560K, reserved 1099776K
  class space    used 8370K, capacity 8503K, committed 8624K, reserved 1048576K
GC Heap History (10 events):
Event: 852.958 GC heap after
Heap after GC invocations=856 (full 553):
 PSYoungGen      total 306688K, used 264181K [0x00000000eab00000, 0x0000000100000000, 0x0000000100000000)
  eden space 264192K, 99% used [0x00000000eab00000,0x00000000facfd4a8,0x00000000fad00000)
  from space 42496K, 0% used [0x00000000fad00000,0x00000000fad00000,0x00000000fd680000)
  to   space 42496K, 0% used [0x00000000fd680000,0x00000000fd680000,0x0000000100000000)
 ParOldGen       total 699392K, used 699109K [0x00000000c0000000, 0x00000000eab00000, 0x00000000eab00000)
  object space 699392K, 99% used [0x00000000c0000000,0x00000000eaab9710,0x00000000eab00000)
 Metaspace       used 58396K, capacity 58805K, committed 59560K, reserved 1099776K
  class space    used 8370K, capacity 8503K, committed 8624K, reserved 1048576K
}
Event: 852.959 GC heap before
{Heap before GC invocations=857 (full 554):
 PSYoungGen      total 306688K, used 264192K [0x00000000eab00000, 0x0000000100000000, 0x0000000100000000)
  eden space 264192K, 100% used [0x00000000eab00000,0x00000000fad00000,0x00000000fad00000)
  from space 42496K, 0% used [0x00000000fad00000,0x00000000fad00000,0x00000000fd680000)
  to   space 42496K, 0% used [0x00000000fd680000,0x00000000fd680000,0x0000000100000000)
 ParOldGen       total 699392K, used 699111K [0x00000000c0000000, 0x00000000eab00000, 0x00000000eab00000)
  object space 699392K, 99% used [0x00000000c0000000,0x00000000eaab9d28,0x00000000eab00000)
 Metaspace       used 58396K, capacity 58805K, committed 59560K, reserved 1099776K
  class space    used 8370K, capacity 8503K, committed 8624K, reserved 1048576K
Event: 853.741 GC heap after
Heap after GC invocations=857 (full 554):
 PSYoungGen      total 306688K, used 264180K [0x00000000eab00000, 0x0000000100000000, 0x0000000100000000)
  eden space 264192K, 99% used [0x00000000eab00000,0x00000000facfd388,0x00000000fad00000)
  from space 42496K, 0% used [0x00000000fad00000,0x00000000fad00000,0x00000000fd680000)
  to   space 42496K, 0% used [0x00000000fd680000,0x00000000fd680000,0x0000000100000000)
 ParOldGen       total 699392K, used 699110K [0x00000000c0000000, 0x00000000eab00000, 0x00000000eab00000)
  object space 699392K, 99% used [0x00000000c0000000,0x00000000eaab9b10,0x00000000eab00000)
 Metaspace       used 58396K, capacity 58805K, committed 59560K, reserved 1099776K
  class space    used 8370K, capacity 8503K, committed 8624K, reserved 1048576K
}
Event: 853.742 GC heap before
{Heap before GC invocations=858 (full 555):
 PSYoungGen      total 306688K, used 264192K [0x00000000eab00000, 0x0000000100000000, 0x0000000100000000)
  eden space 264192K, 100% used [0x00000000eab00000,0x00000000fad00000,0x00000000fad00000)
  from space 42496K, 0% used [0x00000000fad00000,0x00000000fad00000,0x00000000fd680000)
  to   space 42496K, 0% used [0x00000000fd680000,0x00000000fd680000,0x0000000100000000)
 ParOldGen       total 699392K, used 699185K [0x00000000c0000000, 0x00000000eab00000, 0x00000000eab00000)
  object space 699392K, 99% used [0x00000000c0000000,0x00000000eaacc698,0x00000000eab00000)
 Metaspace       used 58396K, capacity 58805K, committed 59560K, reserved 1099776K
  class space    used 8370K, capacity 8503K, committed 8624K, reserved 1048576K
Event: 854.512 GC heap after
Heap after GC invocations=858 (full 555):
 PSYoungGen      total 306688K, used 264182K [0x00000000eab00000, 0x0000000100000000, 0x0000000100000000)
  eden space 264192K, 99% used [0x00000000eab00000,0x00000000facfdbc0,0x00000000fad00000)
  from space 42496K, 0% used [0x00000000fad00000,0x00000000fad00000,0x00000000fd680000)
  to   space 42496K, 0% used [0x00000000fd680000,0x00000000fd680000,0x0000000100000000)
 ParOldGen       total 699392K, used 699158K [0x00000000c0000000, 0x00000000eab00000, 0x00000000eab00000)
  object space 699392K, 99% used [0x00000000c0000000,0x00000000eaac5870,0x00000000eab00000)
 Metaspace       used 58396K, capacity 58805K, committed 59560K, reserved 1099776K
  class space    used 8370K, capacity 8503K, committed 8624K, reserved 1048576K
}
Event: 854.513 GC heap before
{Heap before GC invocations=859 (full 556):
 PSYoungGen      total 306688K, used 264192K [0x00000000eab00000, 0x0000000100000000, 0x0000000100000000)
  eden space 264192K, 100% used [0x00000000eab00000,0x00000000fad00000,0x00000000fad00000)
  from space 42496K, 0% used [0x00000000fad00000,0x00000000fad00000,0x00000000fd680000)
  to   space 42496K, 0% used [0x00000000fd680000,0x00000000fd680000,0x0000000100000000)
 ParOldGen       total 699392K, used 699160K [0x00000000c0000000, 0x00000000eab00000, 0x00000000eab00000)
  object space 699392K, 99% used [0x00000000c0000000,0x00000000eaac61e8,0x00000000eab00000)
 Metaspace       used 58396K, capacity 58805K, committed 59560K, reserved 1099776K
  class space    used 8370K, capacity 8503K, committed 8624K, reserved 1048576K
Event: 855.276 GC heap after
Heap after GC invocations=859 (full 556):
 PSYoungGen      total 306688K, used 264181K [0x00000000eab00000, 0x0000000100000000, 0x0000000100000000)
  eden space 264192K, 99% used [0x00000000eab00000,0x00000000facfd7a8,0x00000000fad00000)
  from space 42496K, 0% used [0x00000000fad00000,0x00000000fad00000,0x00000000fd680000)
  to   space 42496K, 0% used [0x00000000fd680000,0x00000000fd680000,0x0000000100000000)
 ParOldGen       total 699392K, used 699156K [0x00000000c0000000, 0x00000000eab00000, 0x00000000eab00000)
  object space 699392K, 99% used [0x00000000c0000000,0x00000000eaac5338,0x00000000eab00000)
 Metaspace       used 58396K, capacity 58805K, committed 59560K, reserved 1099776K
  class space    used 8370K, capacity 8503K, committed 8624K, reserved 1048576K
}
Event: 855.276 GC heap before
{Heap before GC invocations=860 (full 557):
 PSYoungGen      total 306688K, used 264192K [0x00000000eab00000, 0x0000000100000000, 0x0000000100000000)
  eden space 264192K, 100% used [0x00000000eab00000,0x00000000fad00000,0x00000000fad00000)
  from space 42496K, 0% used [0x00000000fad00000,0x00000000fad00000,0x00000000fd680000)
  to   space 42496K, 0% used [0x00000000fd680000,0x00000000fd680000,0x0000000100000000)
 ParOldGen       total 699392K, used 699159K [0x00000000c0000000, 0x00000000eab00000, 0x00000000eab00000)
  object space 699392K, 99% used [0x00000000c0000000,0x00000000eaac5d30,0x00000000eab00000)
 Metaspace       used 58396K, capacity 58805K, committed 59560K, reserved 1099776K
  class space    used 8370K, capacity 8503K, committed 8624K, reserved 1048576K
Event: 856.062 GC heap after
Heap after GC invocations=860 (full 557):
 PSYoungGen      total 306688K, used 264178K [0x00000000eab00000, 0x0000000100000000, 0x0000000100000000)
  eden space 264192K, 99% used [0x00000000eab00000,0x00000000facfc960,0x00000000fad00000)
  from space 42496K, 0% used [0x00000000fad00000,0x00000000fad00000,0x00000000fd680000)
  to   space 42496K, 0% used [0x00000000fd680000,0x00000000fd680000,0x0000000100000000)
 ParOldGen       total 699392K, used 699157K [0x00000000c0000000, 0x00000000eab00000, 0x00000000eab00000)
  object space 699392K, 99% used [0x00000000c0000000,0x00000000eaac5588,0x00000000eab00000)
 Metaspace       used 58396K, capacity 58805K, committed 59560K, reserved 1099776K
  class space    used 8370K, capacity 8503K, committed 8624K, reserved 1048576K
}
Event: 856.063 GC heap before
{Heap before GC invocations=861 (full 558):
 PSYoungGen      total 306688K, used 264192K [0x00000000eab00000, 0x0000000100000000, 0x0000000100000000)
  eden space 264192K, 100% used [0x00000000eab00000,0x00000000fad00000,0x00000000fad00000)
  from space 42496K, 0% used [0x00000000fad00000,0x00000000fad00000,0x00000000fd680000)
  to   space 42496K, 0% used [0x00000000fd680000,0x00000000fd680000,0x0000000100000000)
 ParOldGen       total 699392K, used 699157K [0x00000000c0000000, 0x00000000eab00000, 0x00000000eab00000)
  object space 699392K, 99% used [0x00000000c0000000,0x00000000eaac5588,0x00000000eab00000)
 Metaspace       used 58396K, capacity 58805K, committed 59560K, reserved 1099776K
  class space    used 8370K, capacity 8503K, committed 8624K, reserved 1048576K

