# JRE version: Java(TM) SE Runtime Environment (8.0_281-b09) (build 1.8.0_281-b09)
# Java VM: Java HotSpot(TM) 64-Bit Server VM (25.281-b09 mixed mode windows-amd64 compressed oops)
Heap:
 PSYoungGen      total 797184K, used 553091K [0x00000006eab00000, 0x000000071ea00000, 0x00000007c0000000)
  eden space 761856K, 71% used [0x00000006eab00000,0x000000070c282770,0x0000000719300000)
  from space 35328K, 13% used [0x000000071c780000,0x000000071cc1e528,0x000000071ea00000)
  to   space 44544K, 0% used [0x0000000719300000,0x0000000719300000,0x000000071be80000)
 ParOldGen       total 175104K, used 122783K [0x0000000540000000, 0x000000054ab00000, 0x00000006eab00000)
  object space 175104K, 70% used [0x0000000540000000,0x00000005477e7f50,0x000000054ab00000)
 Metaspace       used 54757K, capacity 55220K, committed 55592K, reserved 1097728K
  class space    used 8029K, capacity 8185K, committed 8240K, reserved 1048576K
GC Heap History (10 events):
Event: 31.060 GC heap before
{Heap before GC invocations=14 (full 2):
 PSYoungGen      total 444928K, used 7104K [0x00000006eab00000, 0x0000000707380000, 0x00000007c0000000)
  eden space 437760K, 0% used [0x00000006eab00000,0x00000006eab00000,0x0000000705680000)
  from space 7168K, 99% used [0x0000000706c80000,0x00000007073700f0,0x0000000707380000)
  to   space 11776K, 0% used [0x0000000705c80000,0x0000000705c80000,0x0000000706800000)
 ParOldGen       total 110080K, used 25640K [0x0000000540000000, 0x0000000546b80000, 0x00000006eab00000)
  object space 110080K, 23% used [0x0000000540000000,0x000000054190a3a0,0x0000000546b80000)
 Metaspace       used 34933K, capacity 35222K, committed 35496K, reserved 1079296K
  class space    used 5661K, capacity 5762K, committed 5808K, reserved 1048576K
Event: 31.157 GC heap after
Heap after GC invocations=14 (full 2):
 PSYoungGen      total 444928K, used 0K [0x00000006eab00000, 0x0000000707380000, 0x00000007c0000000)
  eden space 437760K, 0% used [0x00000006eab00000,0x00000006eab00000,0x0000000705680000)
  from space 7168K, 0% used [0x0000000706c80000,0x0000000706c80000,0x0000000707380000)
  to   space 11776K, 0% used [0x0000000705c80000,0x0000000705c80000,0x0000000706800000)
 ParOldGen       total 175104K, used 29136K [0x0000000540000000, 0x000000054ab00000, 0x00000006eab00000)
  object space 175104K, 16% used [0x0000000540000000,0x0000000541c743f0,0x000000054ab00000)
 Metaspace       used 34933K, capacity 35222K, committed 35496K, reserved 1079296K
  class space    used 5661K, capacity 5762K, committed 5808K, reserved 1048576K
}
Event: 41.164 GC heap before
{Heap before GC invocations=15 (full 2):
 PSYoungGen      total 444928K, used 437760K [0x00000006eab00000, 0x0000000707380000, 0x00000007c0000000)
  eden space 437760K, 100% used [0x00000006eab00000,0x0000000705680000,0x0000000705680000)
  from space 7168K, 0% used [0x0000000706c80000,0x0000000706c80000,0x0000000707380000)
  to   space 11776K, 0% used [0x0000000705c80000,0x0000000705c80000,0x0000000706800000)
 ParOldGen       total 175104K, used 29136K [0x0000000540000000, 0x000000054ab00000, 0x00000006eab00000)
  object space 175104K, 16% used [0x0000000540000000,0x0000000541c743f0,0x000000054ab00000)
 Metaspace       used 45308K, capacity 45742K, committed 46120K, reserved 1087488K
  class space    used 7024K, capacity 7156K, committed 7216K, reserved 1048576K
Event: 41.190 GC heap after
Heap after GC invocations=15 (full 2):
 PSYoungGen      total 455680K, used 11770K [0x00000006eab00000, 0x000000070fa00000, 0x00000007c0000000)
  eden space 443904K, 0% used [0x00000006eab00000,0x00000006eab00000,0x0000000705c80000)
  from space 11776K, 99% used [0x0000000705c80000,0x00000007067fe928,0x0000000706800000)
  to   space 18432K, 0% used [0x000000070e800000,0x000000070e800000,0x000000070fa00000)
 ParOldGen       total 175104K, used 42574K [0x0000000540000000, 0x000000054ab00000, 0x00000006eab00000)
  object space 175104K, 24% used [0x0000000540000000,0x0000000542993860,0x000000054ab00000)
 Metaspace       used 45308K, capacity 45742K, committed 46120K, reserved 1087488K
  class space    used 7024K, capacity 7156K, committed 7216K, reserved 1048576K
}
Event: 95.214 GC heap before
{Heap before GC invocations=16 (full 2):
 PSYoungGen      total 455680K, used 453824K [0x00000006eab00000, 0x000000070fa00000, 0x00000007c0000000)
  eden space 443904K, 99% used [0x00000006eab00000,0x0000000705ab1750,0x0000000705c80000)
  from space 11776K, 99% used [0x0000000705c80000,0x00000007067fe928,0x0000000706800000)
  to   space 18432K, 0% used [0x000000070e800000,0x000000070e800000,0x000000070fa00000)
 ParOldGen       total 175104K, used 42574K [0x0000000540000000, 0x000000054ab00000, 0x00000006eab00000)
  object space 175104K, 24% used [0x0000000540000000,0x0000000542993860,0x000000054ab00000)
 Metaspace       used 49841K, capacity 50298K, committed 50856K, reserved 1091584K
  class space    used 7599K, capacity 7754K, committed 7856K, reserved 1048576K
Event: 95.246 GC heap after
Heap after GC invocations=16 (full 2):
 PSYoungGen      total 578048K, used 18402K [0x00000006eab00000, 0x000000070ff80000, 0x00000007c0000000)
  eden space 559616K, 0% used [0x00000006eab00000,0x00000006eab00000,0x000000070cd80000)
  from space 18432K, 99% used [0x000000070e800000,0x000000070f9f8a18,0x000000070fa00000)
  to   space 25600K, 0% used [0x000000070cd80000,0x000000070cd80000,0x000000070e680000)
 ParOldGen       total 175104K, used 55213K [0x0000000540000000, 0x000000054ab00000, 0x00000006eab00000)
  object space 175104K, 31% used [0x0000000540000000,0x00000005435eb580,0x000000054ab00000)
 Metaspace       used 49841K, capacity 50298K, committed 50856K, reserved 1091584K
  class space    used 7599K, capacity 7754K, committed 7856K, reserved 1048576K
}
Event: 98.743 GC heap before
{Heap before GC invocations=17 (full 2):
 PSYoungGen      total 578048K, used 578018K [0x00000006eab00000, 0x000000070ff80000, 0x00000007c0000000)
  eden space 559616K, 100% used [0x00000006eab00000,0x000000070cd80000,0x000000070cd80000)
  from space 18432K, 99% used [0x000000070e800000,0x000000070f9f8a18,0x000000070fa00000)
  to   space 25600K, 0% used [0x000000070cd80000,0x000000070cd80000,0x000000070e680000)
 ParOldGen       total 175104K, used 55213K [0x0000000540000000, 0x000000054ab00000, 0x00000006eab00000)
  object space 175104K, 31% used [0x0000000540000000,0x00000005435eb580,0x000000054ab00000)
 Metaspace       used 52184K, capacity 52648K, committed 53032K, reserved 1093632K
  class space    used 7791K, capacity 7927K, committed 7984K, reserved 1048576K
Event: 98.846 GC heap after
Heap after GC invocations=17 (full 2):
 PSYoungGen      total 585216K, used 25600K [0x00000006eab00000, 0x000000071f380000, 0x00000007c0000000)
  eden space 559616K, 0% used [0x00000006eab00000,0x00000006eab00000,0x000000070cd80000)
  from space 25600K, 100% used [0x000000070cd80000,0x000000070e680000,0x000000070e680000)
  to   space 45056K, 0% used [0x000000071c780000,0x000000071c780000,0x000000071f380000)
 ParOldGen       total 175104K, used 97266K [0x0000000540000000, 0x000000054ab00000, 0x00000006eab00000)
  object space 175104K, 55% used [0x0000000540000000,0x0000000545efc870,0x000000054ab00000)
 Metaspace       used 52184K, capacity 52648K, committed 53032K, reserved 1093632K
  class space    used 7791K, capacity 7927K, committed 7984K, reserved 1048576K
}
Event: 104.255 GC heap before
{Heap before GC invocations=18 (full 2):
 PSYoungGen      total 585216K, used 585216K [0x00000006eab00000, 0x000000071f380000, 0x00000007c0000000)
  eden space 559616K, 100% used [0x00000006eab00000,0x000000070cd80000,0x000000070cd80000)
  from space 25600K, 100% used [0x000000070cd80000,0x000000070e680000,0x000000070e680000)
  to   space 45056K, 0% used [0x000000071c780000,0x000000071c780000,0x000000071f380000)
 ParOldGen       total 175104K, used 97266K [0x0000000540000000, 0x000000054ab00000, 0x00000006eab00000)
  object space 175104K, 55% used [0x0000000540000000,0x0000000545efc870,0x000000054ab00000)
 Metaspace       used 53721K, capacity 54152K, committed 54696K, reserved 1095680K
  class space    used 7948K, capacity 8087K, committed 8112K, reserved 1048576K
Event: 104.290 GC heap after
Heap after GC invocations=18 (full 2):
 PSYoungGen      total 797184K, used 4729K [0x00000006eab00000, 0x000000071ea00000, 0x00000007c0000000)
  eden space 761856K, 0% used [0x00000006eab00000,0x00000006eab00000,0x0000000719300000)
  from space 35328K, 13% used [0x000000071c780000,0x000000071cc1e528,0x000000071ea00000)
  to   space 44544K, 0% used [0x0000000719300000,0x0000000719300000,0x000000071be80000)
 ParOldGen       total 175104K, used 122783K [0x0000000540000000, 0x000000054ab00000, 0x00000006eab00000)
  object space 175104K, 70% used [0x0000000540000000,0x00000005477e7f50,0x000000054ab00000)
 Metaspace       used 53721K, capacity 54152K, committed 54696K, reserved 1095680K
  class space    used 7948K, capacity 8087K, committed 8112K, reserved 1048576K
}

